<?xml version="1.0" encoding="UTF-8"?>
<testng-results ignored="0" total="1" passed="1" failed="0" skipped="0">
  <reporter-output>
  </reporter-output>
  <suite started-at="2023-05-26T08:18:12 EDT" name="Default suite" finished-at="2023-05-26T08:18:36 EDT" duration-ms="24093">
    <groups>
    </groups>
    <test started-at="2023-05-26T08:18:12 EDT" name="Default test" finished-at="2023-05-26T08:18:36 EDT" duration-ms="24093">
      <class name="staleElementException.FreeCrmExceptionHandling">
        <test-method signature="freecrmStaleElement()[pri:0, instance:staleElementException.FreeCrmExceptionHandling@2a54a73f]" started-at="2023-05-26T08:18:12 EDT" name="freecrmStaleElement" finished-at="2023-05-26T08:18:36 EDT" duration-ms="23781" status="PASS">
          <reporter-output>
          </reporter-output>
        </test-method> <!-- freecrmStaleElement -->
      </class> <!-- staleElementException.FreeCrmExceptionHandling -->
    </test> <!-- Default test -->
  </suite> <!-- Default suite -->
</testng-results>
